<?xml version="1.0" encoding="UTF-8"?>
<robot generator="Robot 7.0 (Python 3.11.5 on darwin)" generated="2024-04-18T09:18:12.291581" rpa="false" schemaversion="5">
<suite id="s1" name="Test2" source="/Users/venkatabandi/PycharmProjects/testing/Tests/test2.robot">
<test id="s1-t1" name="Verify Successful addition of new computer" line="17">
<kw name="Browser setup">
<kw name="Open Browser" owner="SeleniumLibrary">
<msg time="2024-04-18T09:18:12.489345" level="INFO">Opening browser 'Chrome' to base url 'http://computer-database.gatling.io/'.</msg>
<arg>${URL}</arg>
<arg>Chrome</arg>
<doc>Opens a new browser instance to the optional ``url``.</doc>
<status status="PASS" start="2024-04-18T09:18:12.489088" elapsed="3.007519"/>
</kw>
<kw name="Maximize Browser Window" owner="SeleniumLibrary">
<doc>Maximizes current browser window.</doc>
<status status="PASS" start="2024-04-18T09:18:15.497520" elapsed="0.377957"/>
</kw>
<status status="PASS" start="2024-04-18T09:18:12.488145" elapsed="3.387486"/>
</kw>
<kw name="Check hompage elements and click to add computer">
<kw name="Wait Until Element Is Visible" owner="SeleniumLibrary">
<arg>id:main</arg>
<arg>timeout=05</arg>
<doc>Waits until the element ``locator`` is visible.</doc>
<status status="PASS" start="2024-04-18T09:18:15.876329" elapsed="0.019459"/>
</kw>
<kw name="Click Element" owner="SeleniumLibrary">
<msg time="2024-04-18T09:18:15.896200" level="INFO">Clicking element 'id=add'.</msg>
<arg>id=add</arg>
<doc>Click the element identified by ``locator``.</doc>
<status status="PASS" start="2024-04-18T09:18:15.895999" elapsed="0.339313"/>
</kw>
<status status="PASS" start="2024-04-18T09:18:15.875976" elapsed="0.359830"/>
</kw>
<kw name="Check for page elements in the form">
<kw name="Page Should Contain" owner="SeleniumLibrary">
<msg time="2024-04-18T09:18:16.254098" level="INFO">Current page contains text 'Computer name'.</msg>
<arg>Computer name</arg>
<doc>Verifies that current page contains ``text``.</doc>
<status status="PASS" start="2024-04-18T09:18:16.237134" elapsed="0.017081"/>
</kw>
<kw name="Page Should Contain" owner="SeleniumLibrary">
<msg time="2024-04-18T09:18:16.267342" level="INFO">Current page contains text 'Introduced'.</msg>
<arg>Introduced</arg>
<doc>Verifies that current page contains ``text``.</doc>
<status status="PASS" start="2024-04-18T09:18:16.254430" elapsed="0.013017"/>
</kw>
<kw name="Page Should Contain" owner="SeleniumLibrary">
<msg time="2024-04-18T09:18:16.279306" level="INFO">Current page contains text 'Discontinued'.</msg>
<arg>Discontinued</arg>
<doc>Verifies that current page contains ``text``.</doc>
<status status="PASS" start="2024-04-18T09:18:16.267654" elapsed="0.011750"/>
</kw>
<kw name="Page Should Contain" owner="SeleniumLibrary">
<msg time="2024-04-18T09:18:16.291079" level="INFO">Current page contains text 'Company'.</msg>
<arg>Company</arg>
<doc>Verifies that current page contains ``text``.</doc>
<status status="PASS" start="2024-04-18T09:18:16.279594" elapsed="0.011590"/>
</kw>
<status status="PASS" start="2024-04-18T09:18:16.236372" elapsed="0.054923"/>
</kw>
<kw name="Without computer name">
<kw name="Input Text" owner="SeleniumLibrary">
<msg time="2024-04-18T09:18:16.292528" level="INFO">Typing text '' into text field 'id=name'.</msg>
<arg>id=name</arg>
<arg>${EMPTY}</arg>
<doc>Types the given ``text`` into the text field identified by ``locator``.</doc>
<status status="PASS" start="2024-04-18T09:18:16.291855" elapsed="0.136457"/>
</kw>
<kw name="Click Button" owner="SeleniumLibrary">
<msg time="2024-04-18T09:18:16.428758" level="INFO">Clicking button 'css=input.btn.primary[value="Create this computer"]'.</msg>
<arg>css=input.btn.primary[value="Create this computer"]</arg>
<doc>Clicks the button identified by ``locator``.</doc>
<status status="PASS" start="2024-04-18T09:18:16.428531" elapsed="0.353548"/>
</kw>
<kw name="Page Should Contain" owner="SeleniumLibrary">
<msg time="2024-04-18T09:18:16.799362" level="INFO">Current page contains text 'Failed to refine type : Predicate isEmpty() did not fail.'.</msg>
<arg>${EXPECTED_MESSAGE_1}</arg>
<doc>Verifies that current page contains ``text``.</doc>
<status status="PASS" start="2024-04-18T09:18:16.782450" elapsed="0.017010"/>
</kw>
<status status="PASS" start="2024-04-18T09:18:16.291544" elapsed="0.508041"/>
</kw>
<kw name="Take Screenshot" owner="Screenshot">
<msg time="2024-04-18T09:18:17.011369" level="INFO" html="true">&lt;a href="screenshot_1.jpg"&gt;&lt;img src="screenshot_1.jpg" width="800px"&gt;&lt;/a&gt;</msg>
<doc>Takes a screenshot in JPEG format and embeds it into the log file.</doc>
<status status="PASS" start="2024-04-18T09:18:16.799818" elapsed="0.211920"/>
</kw>
<kw name="With Computer Name Sony">
<kw name="Input Text" owner="SeleniumLibrary">
<msg time="2024-04-18T09:18:17.013437" level="INFO">Typing text 'Sony' into text field 'id=name'.</msg>
<arg>id=name</arg>
<arg>Sony</arg>
<doc>Types the given ``text`` into the text field identified by ``locator``.</doc>
<status status="PASS" start="2024-04-18T09:18:17.013073" elapsed="0.180764"/>
</kw>
<kw name="Get Current Date">
<kw name="Evaluate" owner="BuiltIn">
<msg time="2024-04-18T09:18:17.194813" level="INFO">${current_date} = 2024-04-18</msg>
<var>${current_date}</var>
<arg>datetime.datetime.now().strftime('%Y-%m-%d')</arg>
<doc>Evaluates the given expression in Python and returns the result.</doc>
<status status="PASS" start="2024-04-18T09:18:17.194475" elapsed="0.000376"/>
</kw>
<return>
<value>${current_date}</value>
<status status="PASS" start="2024-04-18T09:18:17.194941" elapsed="0.000151"/>
</return>
<msg time="2024-04-18T09:18:17.195302" level="INFO">${introduced_date} = 2024-04-18</msg>
<var>${introduced_date}</var>
<status status="PASS" start="2024-04-18T09:18:17.194121" elapsed="0.001213"/>
</kw>
<kw name="Input Text" owner="SeleniumLibrary">
<msg time="2024-04-18T09:18:17.195698" level="INFO">Typing text '2024-04-18' into text field 'id=introduced'.</msg>
<arg>id=introduced</arg>
<arg>${introduced_date}</arg>
<doc>Types the given ``text`` into the text field identified by ``locator``.</doc>
<status status="PASS" start="2024-04-18T09:18:17.195472" elapsed="0.075335"/>
</kw>
<kw name="Get Discontonuted Date As A Week From Current Date">
<kw name="Evaluate" owner="BuiltIn">
<msg time="2024-04-18T09:18:17.271651" level="INFO">${current_date} = 2024-04-18</msg>
<var>${current_date}</var>
<arg>datetime.datetime.now().strftime('%Y-%m-%d')</arg>
<doc>Evaluates the given expression in Python and returns the result.</doc>
<status status="PASS" start="2024-04-18T09:18:17.271392" elapsed="0.000294"/>
</kw>
<kw name="Add Time To Date" owner="DateTime">
<msg time="2024-04-18T09:18:17.274993" level="INFO">${future_date} = 2024-04-25 00:00:00.000</msg>
<var>${future_date}</var>
<arg>${current_date}</arg>
<arg>7 days</arg>
<doc>Adds time to date and returns the resulting date.</doc>
<status status="PASS" start="2024-04-18T09:18:17.271830" elapsed="0.003205"/>
</kw>
<kw name="Evaluate" owner="BuiltIn">
<msg time="2024-04-18T09:18:17.278304" level="INFO">${future_date} = 2024-04-25 00:00:00</msg>
<var>${future_date}</var>
<arg>datetime.datetime.strptime($future_date, '%Y-%m-%d %H:%M:%S.%f')</arg>
<doc>Evaluates the given expression in Python and returns the result.</doc>
<status status="PASS" start="2024-04-18T09:18:17.275201" elapsed="0.003148"/>
</kw>
<kw name="Convert Date" owner="DateTime">
<msg time="2024-04-18T09:18:17.278927" level="INFO">${future_date} = 2024-04-25</msg>
<var>${future_date}</var>
<arg>${future_date}</arg>
<arg>result_format=%Y-%m-%d</arg>
<doc>Converts between supported `date formats`.</doc>
<status status="PASS" start="2024-04-18T09:18:17.278538" elapsed="0.000426"/>
</kw>
<return>
<value>${future_date}</value>
<status status="PASS" start="2024-04-18T09:18:17.279046" elapsed="0.000059"/>
</return>
<msg time="2024-04-18T09:18:17.279334" level="INFO">${discontinued_date} = 2024-04-25</msg>
<var>${discontinued_date}</var>
<status status="PASS" start="2024-04-18T09:18:17.271074" elapsed="0.008305"/>
</kw>
<kw name="Input Text" owner="SeleniumLibrary">
<msg time="2024-04-18T09:18:17.279761" level="INFO">Typing text '2024-04-25' into text field 'id=discontinued'.</msg>
<arg>id=discontinued</arg>
<arg>${discontinued_date}</arg>
<doc>Types the given ``text`` into the text field identified by ``locator``.</doc>
<status status="PASS" start="2024-04-18T09:18:17.279526" elapsed="0.073337"/>
</kw>
<kw name="Select From List By Label" owner="SeleniumLibrary">
<msg time="2024-04-18T09:18:17.353266" level="INFO">Selecting options from selection list 'company' by label Sony.</msg>
<arg>company</arg>
<arg>Sony</arg>
<doc>Selects options from selection list ``locator`` by ``labels``.</doc>
<status status="PASS" start="2024-04-18T09:18:17.353063" elapsed="0.075204"/>
</kw>
<kw name="Click Button" owner="SeleniumLibrary">
<msg time="2024-04-18T09:18:17.428615" level="INFO">Clicking button 'class=btn.primary'.</msg>
<arg>class=btn.primary</arg>
<doc>Clicks the button identified by ``locator``.</doc>
<status status="PASS" start="2024-04-18T09:18:17.428440" elapsed="0.650783"/>
</kw>
<status status="PASS" start="2024-04-18T09:18:17.012485" elapsed="1.066867"/>
</kw>
<kw name="Check Successful Message">
<kw name="Page Should Contain" owner="SeleniumLibrary">
<msg time="2024-04-18T09:18:18.092441" level="INFO">Current page contains text 'Computer Sony has been created'.</msg>
<arg>${Expected_Message_2}</arg>
<doc>Verifies that current page contains ``text``.</doc>
<status status="PASS" start="2024-04-18T09:18:18.079994" elapsed="0.012542"/>
</kw>
<status status="PASS" start="2024-04-18T09:18:18.079607" elapsed="0.013040"/>
</kw>
<kw name="Take Screenshot" owner="Screenshot">
<msg time="2024-04-18T09:18:18.328829" level="INFO" html="true">&lt;a href="screenshot_2.jpg"&gt;&lt;img src="screenshot_2.jpg" width="800px"&gt;&lt;/a&gt;</msg>
<doc>Takes a screenshot in JPEG format and embeds it into the log file.</doc>
<status status="PASS" start="2024-04-18T09:18:18.092900" elapsed="0.236376"/>
</kw>
<kw name="Close Browser" owner="SeleniumLibrary">
<doc>Closes the current browser.</doc>
<status status="PASS" start="2024-04-18T09:18:18.330169" elapsed="0.167044"/>
</kw>
<doc>This test case adds a new computer to the data base</doc>
<tag>InsertionTesting</tag>
<status status="PASS" start="2024-04-18T09:18:12.487512" elapsed="6.010401"/>
</test>
<doc>Add a computer to data base</doc>
<status status="PASS" start="2024-04-18T09:18:12.293753" elapsed="6.205442"/>
</suite>
<statistics>
<total>
<stat pass="1" fail="0" skip="0">All Tests</stat>
</total>
<tag>
<stat pass="1" fail="0" skip="0">InsertionTesting</stat>
</tag>
<suite>
<stat pass="1" fail="0" skip="0" id="s1" name="Test2">Test2</stat>
</suite>
</statistics>
<errors>
<msg time="2024-04-18T09:18:12.289040" level="WARN">Error in file '/Users/venkatabandi/PycharmProjects/testing/Tests/test2.robot' on line 58: The '[Return]' setting is deprecated. Use the 'RETURN' statement instead.</msg>
<msg time="2024-04-18T09:18:12.289220" level="WARN">Error in file '/Users/venkatabandi/PycharmProjects/testing/Tests/test2.robot' on line 64: The '[Return]' setting is deprecated. Use the 'RETURN' statement instead.</msg>
</errors>
</robot>
